TN:
SF:script/SupportsDODO.s.sol
FN:9,SupportsDODOScript.run
FNDA:0,SupportsDODOScript.run
DA:10,0
DA:11,0
DA:12,0
DA:20,0
DA:21,0
FNF:1
FNH:0
LF:5
LH:0
BRF:0
BRH:0
end_of_record
TN:
SF:script/TestSupport/deployAutoPriceSource.sol
FN:9,TestAutoPriceSourceScript.run
FNDA:0,TestAutoPriceSourceScript.run
DA:10,0
DA:11,0
DA:12,0
DA:13,0
DA:14,0
FNF:1
FNH:0
LF:5
LH:0
BRF:0
BRH:0
end_of_record
TN:
SF:script/TestSupport/deployMock1450.s.sol
FN:9,MockChainLinkScript.run
FNDA:0,MockChainLinkScript.run
DA:10,0
DA:11,0
DA:12,0
DA:13,0
DA:14,0
FNF:1
FNH:0
LF:5
LH:0
BRF:0
BRH:0
end_of_record
TN:
SF:script/deployChainLinkExpand.s.sol
FN:10,ChainLinkMockScript.run
FNDA:0,ChainLinkMockScript.run
DA:11,0
DA:12,0
DA:13,0
DA:14,0
DA:15,0
FNF:1
FNH:0
LF:5
LH:0
BRF:0
BRH:0
end_of_record
TN:
SF:script/deployFlashLiquidate.s.sol
FN:10,FlashLiquidateScript.run
FNDA:0,FlashLiquidateScript.run
DA:11,0
DA:12,0
DA:13,0
DA:24,0
DA:25,0
FNF:1
FNH:0
LF:5
LH:0
BRF:0
BRH:0
end_of_record
TN:
SF:script/deployFlashRepay.s.sol
FN:10,FlashRepayScript.run
FNDA:0,FlashRepayScript.run
DA:11,0
DA:12,0
DA:13,0
DA:22,0
DA:23,0
FNF:1
FNH:0
LF:5
LH:0
BRF:0
BRH:0
end_of_record
TN:
SF:script/deployGeneralRepay.s.sol
FN:10,GeneralRepayScript.run
FNDA:0,GeneralRepayScript.run
DA:11,0
DA:12,0
DA:13,0
DA:22,0
DA:23,0
FNF:1
FNH:0
LF:5
LH:0
BRF:0
BRH:0
end_of_record
TN:
SF:script/deployJOJOOracleAdaptor.s.sol
FN:9,JOJOOracleAdaptorScript.run
FNDA:0,JOJOOracleAdaptorScript.run
DA:10,0
DA:11,0
DA:12,0
DA:22,0
DA:23,0
FNF:1
FNH:0
LF:5
LH:0
BRF:0
BRH:0
end_of_record
TN:
SF:script/deployJUSD.s.sol
FN:9,JUSDScript.run
FNDA:0,JUSDScript.run
DA:10,0
DA:11,0
DA:12,0
DA:13,0
DA:14,0
FNF:1
FNH:0
LF:5
LH:0
BRF:0
BRH:0
end_of_record
TN:
SF:script/deployJUSDBank.s.sol
FN:10,JUSDBankScript.run
FNDA:0,JUSDBankScript.run
DA:11,0
DA:12,0
DA:13,0
DA:30,0
DA:31,0
FNF:1
FNH:0
LF:5
LH:0
BRF:0
BRH:0
end_of_record
TN:
SF:script/deployJUSDExchange.s.sol
FN:10,JUSDExchangeScript.run
FNDA:0,JUSDExchangeScript.run
DA:11,0
DA:12,0
DA:13,0
DA:18,0
DA:19,0
FNF:1
FNH:0
LF:5
LH:0
BRF:0
BRH:0
end_of_record
TN:
SF:script/deployTestERC20Token.s.sol
FN:9,WETHScript.run
FNDA:0,WETHScript.run
DA:10,0
DA:11,0
DA:12,0
DA:13,0
DA:14,0
FNF:1
FNH:0
LF:5
LH:0
BRF:0
BRH:0
end_of_record
TN:
SF:src/Impl/FlashLoanLiquidate.sol
FN:46,FlashLoanLiquidate.JOJOFlashLoan
FNDA:8,FlashLoanLiquidate.JOJOFlashLoan
DA:53,8
DA:55,8
DA:60,8
DA:61,8
DA:62,8
DA:63,8
BRDA:63,0,0,1
BRDA:63,0,1,7
DA:72,7
DA:74,7
DA:75,7
DA:79,7
DA:80,7
DA:83,7
DA:85,7
BRDA:85,1,0,5
BRDA:85,1,1,7
DA:86,5
DA:89,7
FNF:1
FNH:1
LF:15
LH:15
BRF:4
BRH:4
end_of_record
TN:
SF:src/Impl/FlashLoanRepay.sol
FN:35,FlashLoanRepay.JOJOFlashLoan
FNDA:6,FlashLoanRepay.JOJOFlashLoan
DA:41,6
DA:43,6
DA:44,6
DA:45,6
BRDA:45,0,0,1
BRDA:45,0,1,5
DA:53,5
DA:54,5
DA:56,5
DA:57,5
BRDA:57,1,0,1
BRDA:57,1,1,3
DA:58,4
DA:59,4
DA:61,1
DA:62,1
DA:63,1
DA:64,1
DA:67,4
DA:68,4
FNF:1
FNH:1
LF:16
LH:16
BRF:4
BRH:4
end_of_record
TN:
SF:src/Impl/JOJOOracleAdaptor.sol
FN:26,JOJOOracleAdaptor.getAssetPrice
FNDA:293,JOJOOracleAdaptor.getAssetPrice
DA:28,293
DA:29,293
DA:31,293
BRDA:31,0,0,-
BRDA:31,0,1,293
DA:32,293
BRDA:32,1,0,-
BRDA:32,1,1,293
DA:33,293
DA:34,293
FNF:1
FNH:1
LF:6
LH:6
BRF:4
BRH:2
end_of_record
TN:
SF:src/Impl/JUSDBank.sol
FN:92,JUSDBank.deposit
FNDA:93,JUSDBank.deposit
DA:98,93
DA:99,93
DA:101,93
FN:104,JUSDBank.borrow
FNDA:64,JUSDBank.borrow
DA:110,64
DA:111,64
DA:112,61
BRDA:112,0,0,4
BRDA:112,0,1,57
FN:118,JUSDBank.repay
FNDA:28,JUSDBank.repay
DA:122,28
DA:123,28
DA:124,28
FN:127,JUSDBank.withdraw
FNDA:120,JUSDBank.withdraw
DA:133,120
DA:134,120
DA:135,117
DA:136,117
BRDA:136,1,0,3
BRDA:136,1,1,114
FN:142,JUSDBank.liquidate
FNDA:19,JUSDBank.liquidate
DA:156,18
DA:157,18
DA:160,18
DA:163,18
DA:165,15
DA:170,12
BRDA:170,2,0,1
BRDA:170,2,1,11
DA:175,11
DA:184,10
BRDA:184,3,0,1
BRDA:184,3,1,9
DA:189,9
BRDA:189,4,0,1
BRDA:189,4,1,8
DA:195,8
BRDA:195,5,0,1
BRDA:195,5,1,7
DA:201,7
FN:212,JUSDBank.handleDebt
FNDA:1,JUSDBank.handleDebt
DA:215,1
DA:216,1
FN:220,JUSDBank.flashLoan
FNDA:12,JUSDBank.flashLoan
DA:227,11
DA:228,11
DA:230,9
DA:236,6
BRDA:236,6,0,1
BRDA:236,6,1,5
DA:240,5
FN:243,JUSDBank._deposit
FNDA:93,JUSDBank._deposit
DA:251,93
BRDA:251,7,0,1
BRDA:251,7,1,92
DA:252,92
BRDA:252,8,0,1
BRDA:252,8,1,91
DA:253,91
DA:254,90
DA:255,90
DA:256,90
DA:257,90
BRDA:257,9,0,1
BRDA:257,9,1,89
DA:262,89
BRDA:262,10,0,1
BRDA:262,10,1,88
DA:266,88
FN:270,JUSDBank._borrow
FNDA:64,JUSDBank._borrow
DA:277,64
DA:279,64
DA:282,64
DA:283,64
DA:284,64
BRDA:284,11,0,1
BRDA:284,11,1,1
DA:285,2
DA:286,2
DA:288,62
DA:291,63
BRDA:291,12,0,1
BRDA:291,12,1,62
DA:296,62
BRDA:296,13,0,1
BRDA:296,13,1,61
DA:300,61
FN:303,JUSDBank._repay
FNDA:28,JUSDBank._repay
DA:310,28
BRDA:310,14,0,1
BRDA:310,14,1,27
DA:311,27
DA:312,27
DA:313,27
DA:314,27
BRDA:314,15,0,16
BRDA:314,15,1,11
DA:315,16
DA:316,16
DA:318,11
DA:319,11
DA:321,27
DA:322,27
DA:323,27
DA:324,27
DA:325,27
FN:328,JUSDBank._withdraw
FNDA:142,JUSDBank._withdraw
DA:335,142
DA:336,142
DA:337,142
BRDA:337,16,0,2
BRDA:337,16,1,140
DA:338,140
BRDA:338,17,0,2
BRDA:338,17,1,138
DA:343,138
DA:344,138
BRDA:344,18,0,1
BRDA:344,18,1,101
DA:345,102
DA:346,102
DA:347,102
DA:348,102
BRDA:348,19,0,1
BRDA:348,19,1,101
DA:354,36
DA:355,36
DA:356,36
DA:358,137
FN:361,JUSDBank.isValidLiquidator
FNDA:18,JUSDBank.isValidLiquidator
DA:362,18
BRDA:362,20,0,1
BRDA:362,20,1,17
DA:366,17
BRDA:366,21,0,2
BRDA:366,21,1,2
DA:367,4
BRDA:367,22,0,2
BRDA:367,22,1,2
FN:375,JUSDBank._calculateLiquidateAmount
FNDA:15,JUSDBank._calculateLiquidateAmount
DA:380,15
DA:381,15
BRDA:381,23,0,1
BRDA:381,23,1,14
DA:382,14
BRDA:382,24,0,1
BRDA:382,24,1,13
DA:386,13
DA:387,13
BRDA:387,25,0,1
BRDA:387,25,1,12
DA:391,12
DA:392,12
DA:393,12
DA:396,12
DA:399,12
DA:406,12
BRDA:406,26,0,2
BRDA:406,26,1,10
DA:407,2
DA:408,2
DA:411,2
DA:414,2
DA:422,10
DA:425,10
DA:428,10
DA:429,10
DA:432,12
FN:436,JUSDBank._addCollateralIfNotExists
FNDA:192,JUSDBank._addCollateralIfNotExists
DA:440,192
BRDA:440,27,0,88
BRDA:440,27,1,192
DA:441,88
DA:442,88
FN:446,JUSDBank._removeEmptyCollateral
FNDA:137,JUSDBank._removeEmptyCollateral
DA:450,137
BRDA:450,28,0,-
BRDA:450,28,1,20
DA:451,20
DA:452,20
DA:453,20
DA:454,22
BRDA:454,29,0,-
BRDA:454,29,1,20
DA:455,20
DA:456,20
DA:457,20
FN:463,JUSDBank._afterLiquidateOperation
FNDA:11,JUSDBank._afterLiquidateOperation
DA:470,11
DA:474,11
DA:481,11
DA:482,11
FN:492,JUSDBank._handleBadDebt
FNDA:1,JUSDBank._handleBadDebt
DA:493,1
DA:496,1
DA:498,1
BRDA:497,30,0,1
BRDA:497,30,1,1
DA:501,1
DA:502,1
DA:503,1
DA:504,1
DA:505,1
FNF:17
FNH:17
LF:125
LH:125
BRF:62
BRH:60
end_of_record
TN:
SF:src/Impl/JUSDBankStorage.sol
FN:51,JUSDBankStorage.getTRate
FNDA:10,JUSDBankStorage.getTRate
DA:52,372
DA:53,372
FNF:1
FNH:1
LF:2
LH:2
BRF:0
BRH:0
end_of_record
TN:
SF:src/Impl/JUSDExchange.sol
FN:33,JUSDExchange.closeExchange
FNDA:2,JUSDExchange.closeExchange
DA:34,2
FN:37,JUSDExchange.openExchange
FNDA:1,JUSDExchange.openExchange
DA:38,1
FN:41,JUSDExchange.buyJUSD
FNDA:22,JUSDExchange.buyJUSD
DA:42,22
BRDA:42,0,0,2
BRDA:42,0,1,20
DA:43,20
DA:44,20
DA:45,20
FNF:3
FNH:3
LF:6
LH:6
BRF:2
BRH:2
end_of_record
TN:
SF:src/Impl/JUSDMulticall.sol
FN:13,JUSDMulticall.multiCall
FNDA:3,JUSDMulticall.multiCall
DA:16,3
DA:18,3
DA:19,5
DA:22,5
BRDA:22,0,0,1
BRDA:22,0,1,4
DA:30,4
FN:35,JUSDMulticall.getMulticallData
FNDA:1,JUSDMulticall.getMulticallData
DA:38,1
FN:41,JUSDMulticall.getDepositData
FNDA:4,JUSDMulticall.getDepositData
DA:47,4
FN:57,JUSDMulticall.getBorrowData
FNDA:5,JUSDMulticall.getBorrowData
DA:62,5
FN:71,JUSDMulticall.getRepayData
FNDA:1,JUSDMulticall.getRepayData
DA:75,1
FN:78,JUSDMulticall.getSetOperator
FNDA:1,JUSDMulticall.getSetOperator
DA:82,1
FN:90,JUSDMulticall.getWithdrawData
FNDA:2,JUSDMulticall.getWithdrawData
DA:96,2
FNF:7
FNH:7
LF:11
LH:11
BRF:2
BRH:2
end_of_record
TN:
SF:src/Impl/JUSDOperation.sol
FN:59,JUSDOperation.initReserve
FNDA:4,JUSDOperation.initReserve
DA:70,4
BRDA:70,0,0,1
BRDA:70,0,1,3
DA:78,3
DA:79,3
DA:80,3
DA:82,3
DA:84,3
DA:86,3
DA:87,3
DA:88,3
DA:89,3
DA:90,3
DA:91,3
FN:94,JUSDOperation._addReserve
FNDA:3,JUSDOperation._addReserve
DA:95,3
BRDA:95,1,0,1
BRDA:95,1,1,2
DA:99,2
DA:100,2
FN:104,JUSDOperation.updateMaxBorrowAmount
FNDA:5,JUSDOperation.updateMaxBorrowAmount
DA:108,5
DA:109,5
DA:110,5
FN:117,JUSDOperation.updateInsurance
FNDA:1,JUSDOperation.updateInsurance
DA:118,1
DA:119,1
FN:123,JUSDOperation.updateJOJODealer
FNDA:2,JUSDOperation.updateJOJODealer
DA:124,2
DA:125,2
FN:128,JUSDOperation.liquidatorWhitelistOpen
FNDA:3,JUSDOperation.liquidatorWhitelistOpen
DA:129,3
FN:132,JUSDOperation.liquidatorWhitelistClose
FNDA:0,JUSDOperation.liquidatorWhitelistClose
DA:133,0
FN:136,JUSDOperation.addLiquidator
FNDA:3,JUSDOperation.addLiquidator
DA:137,3
FN:140,JUSDOperation.removeLiquidator
FNDA:1,JUSDOperation.removeLiquidator
DA:141,1
FN:145,JUSDOperation.updateOracle
FNDA:16,JUSDOperation.updateOracle
DA:149,16
DA:150,16
DA:151,16
FN:154,JUSDOperation.updateMaxReservesAmount
FNDA:1,JUSDOperation.updateMaxReservesAmount
DA:157,1
DA:158,1
FN:161,JUSDOperation.updatePrimaryAsset
FNDA:1,JUSDOperation.updatePrimaryAsset
DA:162,1
DA:163,1
FN:168,JUSDOperation.updateBorrowFeeRate
FNDA:1,JUSDOperation.updateBorrowFeeRate
DA:169,1
DA:170,1
DA:171,1
DA:172,1
FN:176,JUSDOperation.updateRiskParam
FNDA:3,JUSDOperation.updateRiskParam
DA:182,3
BRDA:182,2,0,1
BRDA:182,2,1,2
DA:190,2
DA:192,2
DA:193,2
DA:194,2
FN:203,JUSDOperation.updateReserveParam
FNDA:7,JUSDOperation.updateReserveParam
DA:210,7
DA:211,7
DA:212,7
DA:214,7
DA:216,7
FN:227,JUSDOperation.delistReserve
FNDA:3,JUSDOperation.delistReserve
DA:228,3
DA:229,3
DA:230,3
DA:231,3
DA:232,3
FN:236,JUSDOperation.relistReserve
FNDA:1,JUSDOperation.relistReserve
DA:237,1
DA:238,1
DA:239,1
DA:240,1
DA:241,1
FN:245,JUSDOperation.setOperator
FNDA:2,JUSDOperation.setOperator
DA:246,2
DA:247,2
FNF:18
FNH:17
LF:59
LH:58
BRF:6
BRH:6
end_of_record
TN:
SF:src/Impl/JUSDView.sol
FN:14,JUSDView.getReservesList
FNDA:1,JUSDView.getReservesList
DA:15,1
FN:18,JUSDView.getDepositMaxMintAmount
FNDA:6,JUSDView.getDepositMaxMintAmount
DA:21,6
DA:22,6
FN:25,JUSDView.getCollateralMaxMintAmount
FNDA:1,JUSDView.getCollateralMaxMintAmount
DA:29,1
DA:30,1
FN:33,JUSDView.getMaxWithdrawAmount
FNDA:14,JUSDView.getMaxWithdrawAmount
DA:37,14
DA:38,14
DA:39,14
BRDA:39,0,0,2
BRDA:39,0,1,12
DA:40,2
DA:42,12
DA:43,12
BRDA:43,1,0,1
BRDA:43,1,1,11
DA:44,1
DA:46,11
DA:47,11
DA:52,11
FN:58,JUSDView.isAccountSafe
FNDA:3,JUSDView.isAccountSafe
DA:59,3
DA:60,3
FN:63,JUSDView.getCollateralPrice
FNDA:1,JUSDView.getCollateralPrice
DA:66,1
FN:69,JUSDView.getIfHasCollateral
FNDA:1,JUSDView.getIfHasCollateral
DA:73,1
FN:76,JUSDView.getDepositBalance
FNDA:28,JUSDView.getDepositBalance
DA:80,28
FN:83,JUSDView.getBorrowBalance
FNDA:54,JUSDView.getBorrowBalance
DA:84,54
FN:87,JUSDView.getUserCollateralList
FNDA:2,JUSDView.getUserCollateralList
DA:90,2
FN:94,JUSDView._getMintAmount
FNDA:159,JUSDView._getMintAmount
DA:99,159
FN:106,JUSDView._getMintAmountBorrow
FNDA:86,JUSDView._getMintAmountBorrow
DA:110,86
DA:114,86
BRDA:114,2,0,16
BRDA:114,2,1,86
DA:115,16
DA:117,86
FN:123,JUSDView._isAccountSafe
FNDA:123,JUSDView._isAccountSafe
DA:127,123
FN:130,JUSDView._isAccountSafeAfterBorrow
FNDA:61,JUSDView._isAccountSafeAfterBorrow
DA:134,61
FN:139,JUSDView._maxMintAmount
FNDA:135,JUSDView._maxMintAmount
DA:142,135
DA:143,135
DA:144,135
DA:145,145
DA:146,145
DA:147,145
BRDA:147,3,0,2
BRDA:147,3,1,143
DA:148,2
DA:150,143
DA:156,135
FN:159,JUSDView._maxMintAmountBorrow
FNDA:67,JUSDView._maxMintAmountBorrow
DA:162,67
DA:163,67
DA:164,67
DA:165,86
DA:166,86
DA:167,86
BRDA:167,4,0,1
BRDA:167,4,1,85
DA:168,1
DA:170,85
DA:174,85
DA:176,67
FN:182,JUSDView._isStartLiquidation
FNDA:17,JUSDView._isStartLiquidation
DA:186,17
DA:189,17
DA:190,17
DA:191,17
DA:192,17
DA:193,17
DA:194,17
BRDA:194,5,0,1
BRDA:194,5,1,16
DA:195,1
DA:197,16
DA:203,17
FNF:17
FNH:17
LF:58
LH:58
BRF:12
BRH:12
end_of_record
TN:
SF:src/Testsupport/SupportChainLink.sol
FN:16,SupportChainLink.setAssetPrice
FNDA:1,SupportChainLink.setAssetPrice
DA:17,1
DA:18,1
DA:19,1
DA:20,1
FN:23,SupportChainLink.getAssetPrice
FNDA:1,SupportChainLink.getAssetPrice
DA:24,1
FNF:2
FNH:2
LF:5
LH:5
BRF:0
BRH:0
end_of_record
TN:
SF:src/Testsupport/SupportsDODO.sol
FN:21,SupportsDODO.addTokenPrice
FNDA:14,SupportsDODO.addTokenPrice
DA:22,14
FN:25,SupportsDODO.swap
FNDA:21,SupportsDODO.swap
DA:26,21
DA:27,21
DA:28,21
FN:31,SupportsDODO.getSwapData
FNDA:23,SupportsDODO.getSwapData
DA:32,23
FNF:3
FNH:3
LF:5
LH:5
BRF:0
BRH:0
end_of_record
TN:
SF:src/Testsupport/TestAutoPriceSource.sol
FN:23,TestAutoPriceSource.getAssetPrice
FNDA:0,TestAutoPriceSource.getAssetPrice
DA:27,0
DA:28,0
BRDA:28,0,0,-
BRDA:28,0,1,-
DA:29,0
DA:31,0
FN:35,TestAutoPriceSource.setAssetPrice
FNDA:0,TestAutoPriceSource.setAssetPrice
DA:36,0
DA:37,0
DA:38,0
DA:39,0
FNF:2
FNH:0
LF:8
LH:0
BRF:2
BRH:0
end_of_record
TN:
SF:src/lib/DecimalMath.sol
FN:10,DecimalMath.decimalMul
FNDA:1,DecimalMath.decimalMul
DA:11,1
FN:14,DecimalMath.decimalDiv
FNDA:1,DecimalMath.decimalDiv
DA:15,1
FN:18,DecimalMath.decimalRemainder
FNDA:2,DecimalMath.decimalRemainder
DA:19,2
BRDA:19,0,0,1
BRDA:19,0,1,1
DA:20,1
DA:22,1
FNF:3
FNH:3
LF:5
LH:5
BRF:2
BRH:2
end_of_record
TN:
SF:src/token/JUSD.sol
FN:19,JUSD.decimals
FNDA:2,JUSD.decimals
DA:20,2
FN:23,JUSD.mint
FNDA:18,JUSD.mint
DA:24,18
FN:27,JUSD.burn
FNDA:1,JUSD.burn
DA:28,1
FNF:3
FNH:3
LF:3
LH:3
BRF:0
BRH:0
end_of_record
TN:
SF:src/utils/GeneralRepay.sol
FN:32,GeneralRepay.repayJUSD
FNDA:5,GeneralRepay.repayJUSD
DA:38,5
DA:39,5
BRDA:39,0,0,1
BRDA:39,0,1,2
DA:40,3
DA:42,3
DA:43,3
DA:44,3
BRDA:44,1,0,1
BRDA:44,1,1,2
DA:54,4
DA:55,4
DA:57,4
DA:58,4
BRDA:58,2,0,-
BRDA:58,2,1,2
DA:59,2
DA:60,2
DA:62,2
DA:63,2
DA:64,2
DA:65,2
DA:68,4
DA:69,4
FNF:1
FNH:1
LF:18
LH:18
BRF:6
BRH:5
end_of_record
TN:
SF:src/utils/emergencyOracle.sol
FN:44,EmergencyOracleFactory.newEmergencyOracle
FNDA:0,EmergencyOracleFactory.newEmergencyOracle
DA:45,0
DA:48,0
FN:30,EmergencyOracle.getAssetPrice
FNDA:0,EmergencyOracle.getAssetPrice
DA:31,0
FN:34,EmergencyOracle.setAssetPrice
FNDA:0,EmergencyOracle.setAssetPrice
DA:35,0
DA:36,0
DA:37,0
FNF:3
FNH:0
LF:6
LH:0
BRF:0
BRH:0
end_of_record
TN:
SF:test/Impl/Decimal.t.sol
FN:8,LibHelper.mul
FNDA:1,LibHelper.mul
DA:9,1
DA:10,1
FN:13,LibHelper.div
FNDA:1,LibHelper.div
DA:14,1
DA:15,1
FN:18,LibHelper.remainder
FNDA:2,LibHelper.remainder
DA:19,2
DA:20,2
FNF:3
FNH:3
LF:6
LH:6
BRF:0
BRH:0
end_of_record
TN:
SF:test/Impl/Immunefi.t.sol
FN:87,Attack.JOJOFlashLoan
FNDA:0,Attack.JOJOFlashLoan
DA:94,0
DA:96,0
DA:104,0
FN:125,Repay.JOJOFlashLoan
FNDA:0,Repay.JOJOFlashLoan
DA:131,0
DA:132,0
DA:133,0
DA:135,0
DA:137,0
BRDA:137,0,0,-
BRDA:137,0,1,-
DA:138,0
DA:141,0
FNF:2
FNH:0
LF:10
LH:0
BRF:2
BRH:0
end_of_record
TN:
SF:test/mocks/MockChainLink.t.sol
FN:6,MockChainLink.decimals
FNDA:0,MockChainLink.decimals
DA:7,0
FN:10,MockChainLink.description
FNDA:0,MockChainLink.description
DA:11,0
FN:14,MockChainLink.version
FNDA:0,MockChainLink.version
DA:15,0
FN:21,MockChainLink.getRoundData
FNDA:0,MockChainLink.getRoundData
DA:26,0
FN:29,MockChainLink.latestRoundData
FNDA:254,MockChainLink.latestRoundData
DA:34,254
FNF:5
FNH:1
LF:5
LH:1
BRF:0
BRH:0
end_of_record
TN:
SF:test/mocks/MockChainLink15000.sol
FN:6,MockChainLink15000.decimals
FNDA:0,MockChainLink15000.decimals
DA:7,0
FN:10,MockChainLink15000.description
FNDA:0,MockChainLink15000.description
DA:11,0
FN:14,MockChainLink15000.version
FNDA:0,MockChainLink15000.version
DA:15,0
FN:21,MockChainLink15000.getRoundData
FNDA:0,MockChainLink15000.getRoundData
DA:26,0
FN:29,MockChainLink15000.latestRoundData
FNDA:39,MockChainLink15000.latestRoundData
DA:34,39
FNF:5
FNH:1
LF:5
LH:1
BRF:0
BRH:0
end_of_record
TN:
SF:test/mocks/MockChainLink2.sol
FN:6,MockChainLink2.decimals
FNDA:0,MockChainLink2.decimals
DA:7,0
FN:10,MockChainLink2.description
FNDA:0,MockChainLink2.description
DA:11,0
FN:14,MockChainLink2.version
FNDA:0,MockChainLink2.version
DA:15,0
FN:21,MockChainLink2.getRoundData
FNDA:0,MockChainLink2.getRoundData
DA:26,0
FN:29,MockChainLink2.latestRoundData
FNDA:0,MockChainLink2.latestRoundData
DA:34,0
FNF:5
FNH:0
LF:5
LH:0
BRF:0
BRH:0
end_of_record
TN:
SF:test/mocks/MockChainLink500.sol
FN:6,MockChainLink500.decimals
FNDA:0,MockChainLink500.decimals
DA:7,0
FN:10,MockChainLink500.description
FNDA:0,MockChainLink500.description
DA:11,0
FN:14,MockChainLink500.version
FNDA:0,MockChainLink500.version
DA:15,0
FN:21,MockChainLink500.getRoundData
FNDA:0,MockChainLink500.getRoundData
DA:26,0
FN:29,MockChainLink500.latestRoundData
FNDA:0,MockChainLink500.latestRoundData
DA:34,0
FNF:5
FNH:0
LF:5
LH:0
BRF:0
BRH:0
end_of_record
TN:
SF:test/mocks/MockChainLink700.sol
FN:6,MockChainLink700.decimals
FNDA:0,MockChainLink700.decimals
DA:7,0
FN:10,MockChainLink700.description
FNDA:0,MockChainLink700.description
DA:11,0
FN:14,MockChainLink700.version
FNDA:0,MockChainLink700.version
DA:15,0
FN:21,MockChainLink700.getRoundData
FNDA:0,MockChainLink700.getRoundData
DA:26,0
FN:29,MockChainLink700.latestRoundData
FNDA:0,MockChainLink700.latestRoundData
DA:34,0
FNF:5
FNH:0
LF:5
LH:0
BRF:0
BRH:0
end_of_record
TN:
SF:test/mocks/MockChainLink900.sol
FN:6,MockChainLink900.decimals
FNDA:0,MockChainLink900.decimals
DA:7,0
FN:10,MockChainLink900.description
FNDA:0,MockChainLink900.description
DA:11,0
FN:14,MockChainLink900.version
FNDA:0,MockChainLink900.version
DA:15,0
FN:21,MockChainLink900.getRoundData
FNDA:0,MockChainLink900.getRoundData
DA:26,0
FN:29,MockChainLink900.latestRoundData
FNDA:0,MockChainLink900.latestRoundData
DA:34,0
FNF:5
FNH:0
LF:5
LH:0
BRF:0
BRH:0
end_of_record
TN:
SF:test/mocks/MockChainLinkBadDebt.sol
FN:6,MockChainLinkBadDebt.decimals
FNDA:0,MockChainLinkBadDebt.decimals
DA:7,0
FN:10,MockChainLinkBadDebt.description
FNDA:0,MockChainLinkBadDebt.description
DA:11,0
FN:14,MockChainLinkBadDebt.version
FNDA:0,MockChainLinkBadDebt.version
DA:15,0
FN:21,MockChainLinkBadDebt.getRoundData
FNDA:0,MockChainLinkBadDebt.getRoundData
DA:26,0
FN:29,MockChainLinkBadDebt.latestRoundData
FNDA:0,MockChainLinkBadDebt.latestRoundData
DA:34,0
FNF:5
FNH:0
LF:5
LH:0
BRF:0
BRH:0
end_of_record
TN:
SF:test/mocks/MockFlashloan.sol
FN:13,MockFlashloan.JOJOFlashLoan
FNDA:1,MockFlashloan.JOJOFlashLoan
DA:19,1
DA:20,1
DA:21,1
DA:22,1
DA:24,1
FNF:1
FNH:1
LF:5
LH:5
BRF:0
BRH:0
end_of_record
TN:
SF:test/mocks/MockFlashloan2.sol
FN:13,MockFlashloan2.JOJOFlashLoan
FNDA:1,MockFlashloan2.JOJOFlashLoan
DA:19,1
FNF:1
FNH:1
LF:1
LH:1
BRF:0
BRH:0
end_of_record
TN:
SF:test/mocks/MockFlashloan3.sol
FN:14,MockFlashloan3.JOJOFlashLoan
FNDA:1,MockFlashloan3.JOJOFlashLoan
DA:20,1
DA:21,1
DA:22,1
DA:23,1
DA:25,1
DA:26,1
DA:32,1
FNF:1
FNH:1
LF:7
LH:7
BRF:0
BRH:0
end_of_record
TN:
SF:test/mocks/MockJOJODealer.sol
FN:5,MockJOJODealer.deposit
FNDA:1,MockJOJODealer.deposit
FNF:1
FNH:1
LF:0
LH:0
BRF:0
BRH:0
end_of_record
TN:
SF:test/mocks/MockJOJODealerRevert.sol
FN:5,MockJOJODealerRevert.deposit
FNDA:1,MockJOJODealerRevert.deposit
DA:6,1
BRDA:6,0,0,1
BRDA:6,0,1,-
FNF:1
FNH:1
LF:1
LH:1
BRF:2
BRH:1
end_of_record
TN:
SF:test/mocks/MockUSDCPrice.sol
FN:6,MockUSDCPrice.decimals
FNDA:0,MockUSDCPrice.decimals
DA:7,0
FN:10,MockUSDCPrice.description
FNDA:0,MockUSDCPrice.description
DA:11,0
FN:14,MockUSDCPrice.version
FNDA:0,MockUSDCPrice.version
DA:15,0
FN:21,MockUSDCPrice.getRoundData
FNDA:0,MockUSDCPrice.getRoundData
DA:26,0
FN:29,MockUSDCPrice.latestRoundData
FNDA:293,MockUSDCPrice.latestRoundData
DA:34,293
FNF:5
FNH:1
LF:5
LH:1
BRF:0
BRH:0
end_of_record
TN:
SF:test/mocks/MockWrongLiquidateFlashloan.sol
FN:46,LiquidateCollateralRepayNotEnough.JOJOFlashLoan
FNDA:1,LiquidateCollateralRepayNotEnough.JOJOFlashLoan
DA:53,1
DA:55,1
DA:57,1
DA:58,1
DA:59,1
BRDA:59,0,0,-
BRDA:59,0,1,1
DA:68,1
DA:69,1
DA:73,1
DA:74,1
FN:182,LiquidateCollateralLiquidatedNotEnough.JOJOFlashLoan
FNDA:1,LiquidateCollateralLiquidatedNotEnough.JOJOFlashLoan
DA:189,1
DA:191,1
DA:193,1
DA:194,1
DA:195,1
BRDA:195,0,0,-
BRDA:195,0,1,1
DA:204,1
DA:205,1
DA:209,1
DA:210,1
DA:213,1
DA:216,1
BRDA:216,1,0,-
BRDA:216,1,1,1
DA:217,1
FN:110,LiquidateCollateralInsuranceNotEnough.JOJOFlashLoan
FNDA:1,LiquidateCollateralInsuranceNotEnough.JOJOFlashLoan
DA:117,1
DA:119,1
DA:121,1
DA:122,1
DA:123,1
BRDA:123,0,0,-
BRDA:123,0,1,1
DA:132,1
DA:133,1
DA:137,1
DA:138,1
DA:141,1
DA:144,1
BRDA:144,1,0,-
BRDA:144,1,1,1
DA:145,1
FNF:3
FNH:3
LF:33
LH:33
BRF:10
BRH:5
end_of_record
TN:
SF:test/mocks/TestERC20.sol
FN:19,TestERC20.decimals
FNDA:0,TestERC20.decimals
DA:20,0
FN:23,TestERC20.mint
FNDA:0,TestERC20.mint
DA:24,0
FNF:2
FNH:0
LF:2
LH:0
BRF:0
BRH:0
end_of_record
TN:
SF:test/utils/Utils.sol
FN:9,Utils.getNextUserAddress
FNDA:0,Utils.getNextUserAddress
DA:10,0
DA:11,0
DA:12,0
FN:16,Utils.createUsers
FNDA:0,Utils.createUsers
DA:17,0
DA:18,0
DA:19,0
DA:20,0
DA:21,0
DA:24,0
FN:28,Utils.mineBlocks
FNDA:0,Utils.mineBlocks
DA:29,0
DA:30,0
FNF:3
FNH:0
LF:11
LH:0
BRF:0
BRH:0
end_of_record
