TN:
SF:script/SupportsDODO.s.sol
FN:9,SupportsDODOScript.run
FNDA:0,SupportsDODOScript.run
DA:10,0
DA:11,0
DA:12,0
DA:17,0
DA:18,0
FNF:1
FNH:0
LF:5
LH:0
BRF:0
BRH:0
end_of_record
TN:
SF:script/deployChainLinkExpand.s.sol
FN:10,ChainLinkMockScript.run
FNDA:0,ChainLinkMockScript.run
DA:11,0
DA:12,0
DA:13,0
DA:14,0
DA:15,0
FNF:1
FNH:0
LF:5
LH:0
BRF:0
BRH:0
end_of_record
TN:
SF:script/deployFlashLiquidate.s.sol
FN:10,FlashLiquidateScript.run
FNDA:0,FlashLiquidateScript.run
DA:11,0
DA:12,0
DA:13,0
DA:24,0
DA:25,0
FNF:1
FNH:0
LF:5
LH:0
BRF:0
BRH:0
end_of_record
TN:
SF:script/deployFlashRepay.s.sol
FN:10,FlashRepayScript.run
FNDA:0,FlashRepayScript.run
DA:11,0
DA:12,0
DA:13,0
DA:22,0
DA:23,0
FNF:1
FNH:0
LF:5
LH:0
BRF:0
BRH:0
end_of_record
TN:
SF:script/deployGeneralRepay.s.sol
FN:10,GeneralRepayScript.run
FNDA:0,GeneralRepayScript.run
DA:11,0
DA:12,0
DA:13,0
DA:22,0
DA:23,0
FNF:1
FNH:0
LF:5
LH:0
BRF:0
BRH:0
end_of_record
TN:
SF:script/deployJOJOOracleAdaptor.s.sol
FN:9,JOJOOracleAdaptorScript.run
FNDA:0,JOJOOracleAdaptorScript.run
DA:10,0
DA:11,0
DA:12,0
DA:16,0
DA:17,0
FNF:1
FNH:0
LF:5
LH:0
BRF:0
BRH:0
end_of_record
TN:
SF:script/deployTestERC20Token.s.sol
FN:9,WETHScript.run
FNDA:0,WETHScript.run
DA:10,0
DA:11,0
DA:12,0
DA:13,0
DA:14,0
FNF:1
FNH:0
LF:5
LH:0
BRF:0
BRH:0
end_of_record
TN:
SF:script/deployJUSD.s.sol
FN:9,JUSDScript.run
FNDA:0,JUSDScript.run
DA:10,0
DA:11,0
DA:12,0
DA:13,0
DA:14,0
FNF:1
FNH:0
LF:5
LH:0
BRF:0
BRH:0
end_of_record
TN:
SF:script/deployJUSDBank.s.sol
FN:10,JUSDBankScript.run
FNDA:0,JUSDBankScript.run
DA:11,0
DA:12,0
DA:13,0
DA:30,0
DA:31,0
FNF:1
FNH:0
LF:5
LH:0
BRF:0
BRH:0
end_of_record
TN:
SF:script/deployJUSDExchange.s.sol
FN:10,JUSDExchangeScript.run
FNDA:0,JUSDExchangeScript.run
DA:11,0
DA:12,0
DA:13,0
DA:18,0
DA:19,0
FNF:1
FNH:0
LF:5
LH:0
BRF:0
BRH:0
end_of_record
TN:
SF:src/Impl/FlashLoanLiquidate.sol
FN:40,FlashLoanLiquidate.JOJOFlashLoan
FNDA:5,FlashLoanLiquidate.JOJOFlashLoan
DA:42,5
DA:43,5
DA:44,5
DA:45,5
DA:46,5
DA:47,5
BRDA:47,0,0,1
BRDA:47,0,1,4
DA:56,4
DA:58,4
DA:59,4
DA:60,4
DA:61,4
DA:64,4
DA:66,4
BRDA:66,1,0,2
BRDA:66,1,1,4
DA:67,2
DA:70,4
FNF:1
FNH:1
LF:15
LH:15
BRF:4
BRH:4
end_of_record
TN:
SF:src/Impl/FlashLoanRepay.sol
FN:30,FlashLoanRepay.JOJOFlashLoan
FNDA:6,FlashLoanRepay.JOJOFlashLoan
DA:31,6
DA:32,6
DA:33,6
DA:34,6
BRDA:34,0,0,1
BRDA:34,0,1,5
DA:42,5
DA:43,5
DA:45,5
DA:46,5
BRDA:46,1,0,1
BRDA:46,1,1,3
DA:47,4
DA:48,4
DA:50,1
DA:51,1
DA:52,1
DA:53,1
DA:56,4
DA:57,4
FNF:1
FNH:1
LF:16
LH:16
BRF:4
BRH:4
end_of_record
TN:
SF:src/Impl/JOJOOracleAdaptor.sol
FN:24,JOJOOracleAdaptor.getAssetPrice
FNDA:175,JOJOOracleAdaptor.getAssetPrice
DA:26,175
DA:27,175
BRDA:27,0,0,-
BRDA:27,0,1,175
DA:28,175
FNF:1
FNH:1
LF:3
LH:3
BRF:2
BRH:1
end_of_record
TN:
SF:src/Impl/JUSDBank.sol
FN:69,JUSDBank.deposit
FNDA:87,JUSDBank.deposit
DA:75,87
DA:76,87
DA:78,87
FN:81,JUSDBank.borrow
FNDA:57,JUSDBank.borrow
DA:83,57
DA:84,57
DA:85,54
BRDA:85,0,0,3
BRDA:85,0,1,51
FN:88,JUSDBank.repay
FNDA:25,JUSDBank.repay
DA:89,25
DA:90,25
DA:91,25
FN:94,JUSDBank.withdraw
FNDA:19,JUSDBank.withdraw
DA:95,19
DA:96,19
DA:97,16
DA:98,16
BRDA:98,1,0,3
BRDA:98,1,1,13
FN:101,JUSDBank.liquidate
FNDA:13,JUSDBank.liquidate
DA:114,13
DA:115,13
DA:116,13
DA:117,13
BRDA:117,2,0,1
BRDA:117,2,1,12
DA:119,12
DA:120,9
BRDA:120,3,0,1
BRDA:120,3,1,8
DA:122,8
DA:125,7
BRDA:125,4,0,1
BRDA:125,4,1,6
DA:129,6
BRDA:129,5,0,1
BRDA:129,5,1,5
DA:133,5
BRDA:133,6,0,1
BRDA:133,6,1,4
DA:137,4
DA:147,4
BRDA:147,7,0,3
BRDA:147,7,1,4
DA:148,3
FN:152,JUSDBank.handleDebt
FNDA:1,JUSDBank.handleDebt
DA:153,1
DA:154,1
FN:158,JUSDBank.flashLoan
FNDA:12,JUSDBank.flashLoan
DA:165,11
DA:166,11
DA:168,9
DA:169,6
BRDA:169,8,0,1
BRDA:169,8,1,5
DA:170,5
FN:173,JUSDBank._deposit
FNDA:87,JUSDBank._deposit
DA:181,87
BRDA:181,9,0,1
BRDA:181,9,1,86
DA:182,86
BRDA:182,10,0,1
BRDA:182,10,1,85
DA:183,85
DA:184,84
BRDA:184,11,0,81
BRDA:184,11,1,84
DA:185,81
DA:187,84
DA:188,84
DA:189,84
BRDA:189,12,0,1
BRDA:189,12,1,83
DA:193,83
BRDA:193,13,0,1
BRDA:193,13,1,82
DA:196,82
FN:200,JUSDBank._borrow
FNDA:57,JUSDBank._borrow
DA:207,57
DA:209,57
DA:210,57
DA:211,57
DA:212,57
BRDA:212,14,0,1
BRDA:212,14,1,1
DA:213,2
DA:214,2
DA:216,55
DA:219,56
BRDA:219,15,0,1
BRDA:219,15,1,55
DA:224,55
BRDA:224,16,0,1
BRDA:224,16,1,54
DA:227,54
FN:230,JUSDBank._repay
FNDA:25,JUSDBank._repay
DA:237,25
BRDA:237,17,0,1
BRDA:237,17,1,24
DA:238,24
DA:239,24
DA:240,24
DA:241,24
BRDA:241,18,0,13
BRDA:241,18,1,11
DA:242,13
DA:243,13
DA:245,11
DA:246,11
DA:248,24
DA:249,24
DA:250,24
DA:251,24
DA:252,24
FN:255,JUSDBank._withdraw
FNDA:38,JUSDBank._withdraw
DA:256,38
DA:257,38
DA:258,38
BRDA:258,19,0,2
BRDA:258,19,1,36
DA:259,36
BRDA:259,20,0,2
BRDA:259,20,1,34
DA:260,34
BRDA:260,21,0,1
BRDA:260,21,1,1
DA:261,2
DA:262,2
DA:263,2
DA:264,2
BRDA:264,22,0,1
BRDA:264,22,1,1
DA:269,32
DA:270,32
DA:271,32
DA:272,32
DA:274,33
BRDA:274,23,0,17
BRDA:274,23,1,33
DA:275,17
FN:283,JUSDBank._calculateLiquidateAmount
FNDA:12,JUSDBank._calculateLiquidateAmount
DA:288,12
DA:289,12
BRDA:289,24,0,1
BRDA:289,24,1,11
DA:290,11
BRDA:290,25,0,1
BRDA:290,25,1,10
DA:291,10
DA:292,10
BRDA:292,26,0,1
BRDA:292,26,1,9
DA:293,9
DA:294,9
DA:295,9
DA:296,9
DA:297,9
DA:304,9
BRDA:304,27,0,2
BRDA:304,27,1,7
DA:305,2
DA:306,2
DA:307,2
DA:308,2
DA:316,7
DA:318,7
DA:321,7
DA:322,7
DA:325,9
FN:328,JUSDBank._removeCollateral
FNDA:17,JUSDBank._removeCollateral
DA:329,17
DA:330,17
DA:331,19
BRDA:331,28,0,-
BRDA:331,28,1,17
DA:332,17
DA:333,17
DA:334,17
FN:339,JUSDBank._afterLiquidateOperation
FNDA:8,JUSDBank._afterLiquidateOperation
DA:346,8
DA:347,8
DA:348,8
DA:349,8
FN:354,JUSDBank._handleBadDebt
FNDA:4,JUSDBank._handleBadDebt
DA:355,4
DA:356,4
DA:357,4
BRDA:357,29,0,1
BRDA:357,29,1,4
DA:358,1
DA:359,1
DA:360,1
DA:361,1
DA:362,1
FNF:15
FNH:15
LF:121
LH:121
BRF:60
BRH:59
end_of_record
TN:
SF:src/Impl/JUSDBankStorage.sol
FN:45,JUSDBankStorage.getTRate
FNDA:10,JUSDBankStorage.getTRate
DA:46,249
DA:47,249
FNF:1
FNH:1
LF:2
LH:2
BRF:0
BRH:0
end_of_record
TN:
SF:src/Impl/JUSDExchange.sol
FN:33,JUSDExchange.closeExchange
FNDA:2,JUSDExchange.closeExchange
DA:34,2
FN:37,JUSDExchange.openExchange
FNDA:1,JUSDExchange.openExchange
DA:38,1
FN:41,JUSDExchange.buyJUSD
FNDA:19,JUSDExchange.buyJUSD
DA:42,19
BRDA:42,0,0,2
BRDA:42,0,1,17
DA:43,17
DA:44,17
DA:45,17
FNF:3
FNH:3
LF:6
LH:6
BRF:2
BRH:2
end_of_record
TN:
SF:src/Impl/JUSDMulticall.sol
FN:13,JUSDMulticall.multiCall
FNDA:3,JUSDMulticall.multiCall
DA:14,3
DA:16,3
DA:17,5
DA:18,5
BRDA:18,0,0,1
BRDA:18,0,1,4
DA:26,4
FN:31,JUSDMulticall.getMulticallData
FNDA:1,JUSDMulticall.getMulticallData
DA:32,1
FN:35,JUSDMulticall.getDepositData
FNDA:4,JUSDMulticall.getDepositData
DA:41,4
FN:44,JUSDMulticall.getBorrowData
FNDA:4,JUSDMulticall.getBorrowData
DA:45,4
FN:48,JUSDMulticall.getRepayData
FNDA:1,JUSDMulticall.getRepayData
DA:49,1
FN:52,JUSDMulticall.getSetOperator
FNDA:1,JUSDMulticall.getSetOperator
DA:53,1
FN:56,JUSDMulticall.getWithdrawData
FNDA:2,JUSDMulticall.getWithdrawData
DA:62,2
FNF:7
FNH:7
LF:11
LH:11
BRF:2
BRH:2
end_of_record
TN:
SF:src/Impl/JUSDOperation.sol
FN:42,JUSDOperation.initReserve
FNDA:4,JUSDOperation.initReserve
DA:53,4
BRDA:53,0,0,1
BRDA:53,0,1,3
DA:58,3
DA:59,3
DA:60,3
DA:61,3
DA:62,3
DA:63,3
DA:64,3
DA:65,3
DA:66,3
DA:67,3
DA:68,3
FN:71,JUSDOperation._addReserve
FNDA:3,JUSDOperation._addReserve
DA:72,3
BRDA:72,1,0,1
BRDA:72,1,1,2
DA:73,2
DA:74,2
FN:78,JUSDOperation.updateMaxBorrowAmount
FNDA:5,JUSDOperation.updateMaxBorrowAmount
DA:82,5
DA:83,5
DA:84,5
FN:88,JUSDOperation.updateInsurance
FNDA:1,JUSDOperation.updateInsurance
DA:89,1
DA:90,1
FN:94,JUSDOperation.updateJOJODealer
FNDA:2,JUSDOperation.updateJOJODealer
DA:95,2
DA:96,2
FN:100,JUSDOperation.updateOracle
FNDA:13,JUSDOperation.updateOracle
DA:101,13
DA:102,13
DA:103,13
FN:106,JUSDOperation.updateMaxReservesAmount
FNDA:1,JUSDOperation.updateMaxReservesAmount
DA:107,1
DA:108,1
FN:111,JUSDOperation.updatePrimaryAsset
FNDA:1,JUSDOperation.updatePrimaryAsset
DA:112,1
DA:113,1
FN:118,JUSDOperation.updateBorrowFeeRate
FNDA:1,JUSDOperation.updateBorrowFeeRate
DA:119,1
DA:120,1
DA:121,1
DA:122,1
FN:126,JUSDOperation.updateRiskParam
FNDA:3,JUSDOperation.updateRiskParam
DA:132,3
BRDA:132,2,0,1
BRDA:132,2,1,2
DA:137,2
DA:138,2
DA:139,2
DA:140,2
FN:144,JUSDOperation.updateReserveParam
FNDA:7,JUSDOperation.updateReserveParam
DA:151,7
DA:152,7
DA:153,7
DA:154,7
DA:155,7
FN:166,JUSDOperation.delistReserve
FNDA:3,JUSDOperation.delistReserve
DA:167,3
DA:168,3
DA:169,3
DA:170,3
DA:171,3
FN:175,JUSDOperation.relistReserve
FNDA:1,JUSDOperation.relistReserve
DA:176,1
DA:177,1
DA:178,1
DA:179,1
DA:180,1
FN:184,JUSDOperation.setOperator
FNDA:1,JUSDOperation.setOperator
DA:185,1
DA:186,1
FNF:14
FNH:14
LF:55
LH:55
BRF:6
BRH:6
end_of_record
TN:
SF:src/Impl/JUSDView.sol
FN:14,JUSDView.getReservesList
FNDA:1,JUSDView.getReservesList
DA:15,1
FN:18,JUSDView.getDepositMaxMintAmount
FNDA:5,JUSDView.getDepositMaxMintAmount
DA:19,5
DA:20,5
FN:23,JUSDView.getCollateralMaxMintAmount
FNDA:1,JUSDView.getCollateralMaxMintAmount
DA:24,1
DA:25,1
FN:28,JUSDView.getMaxWithdrawAmount
FNDA:14,JUSDView.getMaxWithdrawAmount
DA:29,14
DA:30,14
DA:31,14
BRDA:31,0,0,2
BRDA:31,0,1,12
DA:32,2
DA:34,12
DA:35,12
BRDA:35,1,0,1
BRDA:35,1,1,11
DA:36,1
DA:38,11
DA:39,11
DA:42,11
FN:48,JUSDView.isAccountSafe
FNDA:3,JUSDView.isAccountSafe
DA:49,3
DA:50,3
FN:53,JUSDView.getCollateralPrice
FNDA:1,JUSDView.getCollateralPrice
DA:54,1
FN:57,JUSDView.getIfHasCollateral
FNDA:1,JUSDView.getIfHasCollateral
DA:58,1
FN:61,JUSDView.getDepositBalance
FNDA:24,JUSDView.getDepositBalance
DA:62,24
FN:65,JUSDView.getBorrowBalance
FNDA:49,JUSDView.getBorrowBalance
DA:66,49
FN:69,JUSDView.getUserCollateralList
FNDA:1,JUSDView.getUserCollateralList
DA:70,1
FN:74,JUSDView._getMintAmount
FNDA:55,JUSDView._getMintAmount
DA:75,55
FN:78,JUSDView._getMintAmountBorrow
FNDA:78,JUSDView._getMintAmountBorrow
DA:82,78
DA:83,78
DA:84,78
BRDA:84,2,0,15
BRDA:84,2,1,78
DA:85,15
DA:87,78
FN:93,JUSDView._isAccountSafe
FNDA:22,JUSDView._isAccountSafe
DA:94,22
FN:97,JUSDView._isAccountSafeAfterBorrow
FNDA:54,JUSDView._isAccountSafeAfterBorrow
DA:98,54
FN:101,JUSDView._maxMintAmount
FNDA:34,JUSDView._maxMintAmount
DA:102,34
DA:103,34
DA:104,34
DA:105,44
DA:106,44
DA:107,44
BRDA:107,3,0,2
BRDA:107,3,1,42
DA:108,2
DA:110,42
DA:113,34
FN:116,JUSDView._maxMintAmountBorrow
FNDA:59,JUSDView._maxMintAmountBorrow
DA:117,59
DA:118,59
DA:119,59
DA:120,78
DA:121,78
DA:122,78
BRDA:122,4,0,1
BRDA:122,4,1,77
DA:123,1
DA:125,77
DA:126,77
DA:128,59
FN:134,JUSDView._isStartLiquidation
FNDA:17,JUSDView._isStartLiquidation
DA:138,17
DA:139,17
DA:140,17
DA:141,17
DA:142,14
DA:143,14
DA:144,14
BRDA:144,5,0,1
BRDA:144,5,1,13
DA:145,1
DA:147,13
DA:151,17
FNF:17
FNH:17
LF:59
LH:59
BRF:12
BRH:12
end_of_record
TN:
SF:src/lib/DecimalMath.sol
FN:10,DecimalMath.decimalMul
FNDA:1,DecimalMath.decimalMul
DA:11,1
FN:14,DecimalMath.decimalDiv
FNDA:1,DecimalMath.decimalDiv
DA:15,1
FN:18,DecimalMath.decimalRemainder
FNDA:2,DecimalMath.decimalRemainder
DA:19,2
BRDA:19,0,0,1
BRDA:19,0,1,1
DA:20,1
DA:22,1
FNF:3
FNH:3
LF:5
LH:5
BRF:2
BRH:2
end_of_record
TN:
SF:src/support/SupportChainLink.sol
FN:13,SupportChainLink.setAssetPrice
FNDA:1,SupportChainLink.setAssetPrice
DA:14,1
DA:15,1
DA:16,1
DA:17,1
FN:20,SupportChainLink.getAssetPrice
FNDA:1,SupportChainLink.getAssetPrice
DA:21,1
FNF:2
FNH:2
LF:5
LH:5
BRF:0
BRH:0
end_of_record
TN:
SF:src/support/SupportsDODO.sol
FN:16,SupportsDODO.addTokenPrice
FNDA:11,SupportsDODO.addTokenPrice
DA:17,11
FN:20,SupportsDODO.swap
FNDA:18,SupportsDODO.swap
DA:21,18
DA:22,18
DA:23,18
FN:26,SupportsDODO.getSwapData
FNDA:18,SupportsDODO.getSwapData
DA:27,18
FNF:3
FNH:3
LF:5
LH:5
BRF:0
BRH:0
end_of_record
TN:
SF:src/token/JUSD.sol
FN:19,JUSD.decimals
FNDA:2,JUSD.decimals
DA:20,2
FN:23,JUSD.mint
FNDA:14,JUSD.mint
DA:24,14
FN:27,JUSD.burn
FNDA:1,JUSD.burn
DA:28,1
FNF:3
FNH:3
LF:3
LH:3
BRF:0
BRH:0
end_of_record
TN:
SF:src/utils/GeneralRepay.sol
FN:27,GeneralRepay.repayJUSD
FNDA:5,GeneralRepay.repayJUSD
DA:28,5
DA:29,5
BRDA:29,0,0,1
BRDA:29,0,1,2
DA:30,3
DA:31,3
DA:32,3
DA:33,3
DA:34,3
BRDA:34,1,0,1
BRDA:34,1,1,2
DA:44,4
DA:45,4
DA:47,4
DA:48,4
BRDA:48,2,0,-
BRDA:48,2,1,2
DA:49,2
DA:50,2
DA:52,2
DA:53,2
DA:54,2
DA:55,2
DA:58,4
DA:59,4
FNF:1
FNH:1
LF:19
LH:19
BRF:6
BRH:5
end_of_record
TN:
SF:test/Impl/Decimal.t.sol
FN:8,LibHelper.mul
FNDA:1,LibHelper.mul
DA:9,1
DA:10,1
FN:13,LibHelper.div
FNDA:1,LibHelper.div
DA:14,1
DA:15,1
FN:18,LibHelper.remainder
FNDA:2,LibHelper.remainder
DA:19,2
DA:20,2
FNF:3
FNH:3
LF:6
LH:6
BRF:0
BRH:0
end_of_record
TN:
SF:test/mocks/MockChainLink.t.sol
FN:6,MockChainLink.decimals
FNDA:0,MockChainLink.decimals
DA:7,0
FN:10,MockChainLink.description
FNDA:0,MockChainLink.description
DA:11,0
FN:14,MockChainLink.version
FNDA:0,MockChainLink.version
DA:15,0
FN:21,MockChainLink.getRoundData
FNDA:0,MockChainLink.getRoundData
DA:26,0
FN:29,MockChainLink.latestRoundData
FNDA:136,MockChainLink.latestRoundData
DA:34,136
FNF:5
FNH:1
LF:5
LH:1
BRF:0
BRH:0
end_of_record
TN:
SF:test/mocks/MockChainLink15000.sol
FN:6,MockChainLink15000.decimals
FNDA:0,MockChainLink15000.decimals
DA:7,0
FN:10,MockChainLink15000.description
FNDA:0,MockChainLink15000.description
DA:11,0
FN:14,MockChainLink15000.version
FNDA:0,MockChainLink15000.version
DA:15,0
FN:21,MockChainLink15000.getRoundData
FNDA:0,MockChainLink15000.getRoundData
DA:26,0
FN:29,MockChainLink15000.latestRoundData
FNDA:39,MockChainLink15000.latestRoundData
DA:34,39
FNF:5
FNH:1
LF:5
LH:1
BRF:0
BRH:0
end_of_record
TN:
SF:test/mocks/MockChainLink2.sol
FN:6,MockChainLink2.decimals
FNDA:0,MockChainLink2.decimals
DA:7,0
FN:10,MockChainLink2.description
FNDA:0,MockChainLink2.description
DA:11,0
FN:14,MockChainLink2.version
FNDA:0,MockChainLink2.version
DA:15,0
FN:21,MockChainLink2.getRoundData
FNDA:0,MockChainLink2.getRoundData
DA:26,0
FN:29,MockChainLink2.latestRoundData
FNDA:0,MockChainLink2.latestRoundData
DA:34,0
FNF:5
FNH:0
LF:5
LH:0
BRF:0
BRH:0
end_of_record
TN:
SF:test/mocks/MockChainLink500.sol
FN:6,MockChainLink500.decimals
FNDA:0,MockChainLink500.decimals
DA:7,0
FN:10,MockChainLink500.description
FNDA:0,MockChainLink500.description
DA:11,0
FN:14,MockChainLink500.version
FNDA:0,MockChainLink500.version
DA:15,0
FN:21,MockChainLink500.getRoundData
FNDA:0,MockChainLink500.getRoundData
DA:26,0
FN:29,MockChainLink500.latestRoundData
FNDA:0,MockChainLink500.latestRoundData
DA:34,0
FNF:5
FNH:0
LF:5
LH:0
BRF:0
BRH:0
end_of_record
TN:
SF:test/mocks/MockChainLink900.sol
FN:6,MockChainLink900.decimals
FNDA:0,MockChainLink900.decimals
DA:7,0
FN:10,MockChainLink900.description
FNDA:0,MockChainLink900.description
DA:11,0
FN:14,MockChainLink900.version
FNDA:0,MockChainLink900.version
DA:15,0
FN:21,MockChainLink900.getRoundData
FNDA:0,MockChainLink900.getRoundData
DA:26,0
FN:29,MockChainLink900.latestRoundData
FNDA:0,MockChainLink900.latestRoundData
DA:34,0
FNF:5
FNH:0
LF:5
LH:0
BRF:0
BRH:0
end_of_record
TN:
SF:test/mocks/MockChainLinkBadDebt.sol
FN:6,MockChainLinkBadDebt.decimals
FNDA:0,MockChainLinkBadDebt.decimals
DA:7,0
FN:10,MockChainLinkBadDebt.description
FNDA:0,MockChainLinkBadDebt.description
DA:11,0
FN:14,MockChainLinkBadDebt.version
FNDA:0,MockChainLinkBadDebt.version
DA:15,0
FN:21,MockChainLinkBadDebt.getRoundData
FNDA:0,MockChainLinkBadDebt.getRoundData
DA:26,0
FN:29,MockChainLinkBadDebt.latestRoundData
FNDA:0,MockChainLinkBadDebt.latestRoundData
DA:34,0
FNF:5
FNH:0
LF:5
LH:0
BRF:0
BRH:0
end_of_record
TN:
SF:test/mocks/MockFlashloan.sol
FN:13,MockFlashloan.JOJOFlashLoan
FNDA:1,MockFlashloan.JOJOFlashLoan
DA:14,1
DA:15,1
DA:16,1
DA:17,1
DA:19,1
FNF:1
FNH:1
LF:5
LH:5
BRF:0
BRH:0
end_of_record
TN:
SF:test/mocks/MockFlashloan2.sol
FN:13,MockFlashloan2.JOJOFlashLoan
FNDA:1,MockFlashloan2.JOJOFlashLoan
DA:14,1
FNF:1
FNH:1
LF:1
LH:1
BRF:0
BRH:0
end_of_record
TN:
SF:test/mocks/MockFlashloan3.sol
FN:14,MockFlashloan3.JOJOFlashLoan
FNDA:1,MockFlashloan3.JOJOFlashLoan
DA:15,1
DA:16,1
DA:17,1
DA:18,1
DA:20,1
DA:21,1
DA:22,1
FNF:1
FNH:1
LF:7
LH:7
BRF:0
BRH:0
end_of_record
TN:
SF:test/mocks/MockJOJODealer.sol
FN:5,MockJOJODealer.deposit
FNDA:1,MockJOJODealer.deposit
FNF:1
FNH:1
LF:0
LH:0
BRF:0
BRH:0
end_of_record
TN:
SF:test/mocks/MockJOJODealerRevert.sol
FN:5,MockJOJODealerRevert.deposit
FNDA:1,MockJOJODealerRevert.deposit
DA:6,1
BRDA:6,0,0,1
BRDA:6,0,1,-
FNF:1
FNH:1
LF:1
LH:1
BRF:2
BRH:1
end_of_record
TN:
SF:test/mocks/MockWrongLiquidateFlashloan.sol
FN:146,LiquidateCollateralLiquidatedNotEnough.JOJOFlashLoan
FNDA:1,LiquidateCollateralLiquidatedNotEnough.JOJOFlashLoan
DA:148,1
DA:149,1
DA:150,1
DA:151,1
DA:152,1
DA:153,1
BRDA:153,0,0,-
BRDA:153,0,1,1
DA:162,1
DA:163,1
DA:164,1
DA:165,1
DA:168,1
DA:171,1
BRDA:171,1,0,-
BRDA:171,1,1,1
DA:172,1
FN:89,LiquidateCollateralInsuranceNotEnough.JOJOFlashLoan
FNDA:1,LiquidateCollateralInsuranceNotEnough.JOJOFlashLoan
DA:91,1
DA:92,1
DA:93,1
DA:94,1
DA:95,1
DA:96,1
BRDA:96,0,0,-
BRDA:96,0,1,1
DA:105,1
DA:106,1
DA:107,1
DA:108,1
DA:111,1
DA:114,1
BRDA:114,1,0,-
BRDA:114,1,1,1
DA:115,1
FN:40,LiquidateCollateralRepayNotEnough.JOJOFlashLoan
FNDA:1,LiquidateCollateralRepayNotEnough.JOJOFlashLoan
DA:42,1
DA:43,1
DA:44,1
DA:45,1
DA:46,1
DA:47,1
BRDA:47,0,0,-
BRDA:47,0,1,1
DA:56,1
DA:57,1
DA:58,1
DA:59,1
FNF:3
FNH:3
LF:36
LH:36
BRF:10
BRH:5
end_of_record
TN:
SF:test/mocks/TestERC20.sol
FN:19,TestERC20.decimals
FNDA:0,TestERC20.decimals
DA:20,0
FN:23,TestERC20.mint
FNDA:0,TestERC20.mint
DA:24,0
FNF:2
FNH:0
LF:2
LH:0
BRF:0
BRH:0
end_of_record
TN:
SF:test/utils/Utils.sol
FN:9,Utils.getNextUserAddress
FNDA:0,Utils.getNextUserAddress
DA:10,0
DA:11,0
DA:12,0
FN:16,Utils.createUsers
FNDA:0,Utils.createUsers
DA:17,0
DA:18,0
DA:19,0
DA:20,0
DA:21,0
DA:24,0
FN:28,Utils.mineBlocks
FNDA:0,Utils.mineBlocks
DA:29,0
DA:30,0
FNF:3
FNH:0
LF:11
LH:0
BRF:0
BRH:0
end_of_record
